<?xml version="1.0" encoding="UTF-8"?>
<!-- Generated by org.testng.reporters.JUnitXMLReporter -->
<testsuite ignored="0" hostname="Proctur" failures="1" tests="1" name="A" time="8.72" errors="0" timestamp="29 Aug 2019 05:55:49 GMT">
  <testcase classname="com.uiframework.proctur.eLearn.logger.resource.A" name="testLogin" time="0.065">
    <failure type="java.lang.AssertionError" message="expected [true] but found [false]">
      <![CDATA[java.lang.AssertionError: expected [true] but found [false]
at com.uiframework.proctur.eLearn.logger.resource.A.testLogin(A.java:11)
... Removed 29 stack frames]]>
    </failure>
  </testcase> <!-- testLogin -->
</testsuite> <!-- A -->
