<?xml version="1.0" encoding="UTF-8"?>
<!-- Generated by org.testng.reporters.JUnitXMLReporter -->
<testsuite ignored="0" hostname="Proctur" failures="1" tests="1" name="TestA" time="0.482" errors="0" timestamp="28 Aug 2019 07:42:14 GMT">
  <testcase classname="com.uiframework.proctur.eLearn.logger.resource.A" name="testLogin" time="0.049">
    <failure type="java.lang.AssertionError" message="expected [true] but found [false]">
      <![CDATA[java.lang.AssertionError: expected [true] but found [false]
at com.uiframework.proctur.eLearn.logger.resource.A.testLogin(A.java:9)
... Removed 29 stack frames]]>
    </failure>
  </testcase> <!-- testLogin -->
</testsuite> <!-- TestA -->
