<?xml version="1.0" encoding="UTF-8"?>
<!-- Generated by org.testng.reporters.JUnitXMLReporter -->
<testsuite ignored="0" hostname="DESKTOP-7ABDC91" failures="0" tests="6" name="Default test" time="90.246" errors="0" timestamp="20 Feb 2020 11:47:28 GMT">
  <testcase classname="Examdesk_End_To_End_Flow.Add_Question" name="Login" time="13.041"/>
  <testcase classname="Examdesk_End_To_End_Flow.Add_Question" name="Add_New_QuestionsSingleChoice" time="10.787"/>
  <testcase classname="Examdesk_End_To_End_Flow.Add_Question" name="Add_New_QuestionsMultipleChoice" time="8.005"/>
  <testcase classname="Examdesk_End_To_End_Flow.Add_Question" name="Add_New_QuestionsTrueFalseType" time="13.094"/>
  <testcase classname="Examdesk_End_To_End_Flow.Add_Question" name="Add_New_QuestionsMatchMatrixType" time="17.507"/>
  <testcase classname="Examdesk_End_To_End_Flow.Add_Question" name="Add_New_QuestionsMatchTheFollowingType" time="17.659"/>
</testsuite> <!-- Default test -->
