<?xml version="1.0" encoding="UTF-8"?>
<testng-results ignored="0" total="1" passed="1" failed="0" skipped="0">
  <reporter-output>
    <line>
      <![CDATA[<a href='C:\Users\Proctur Admin\git\ExamdeskAuto\Automation\null\blank_04-09-2019_05_59_16.png'><img src='C:\Users\Proctur Admin\git\ExamdeskAuto\Automation\null\blank_04-09-2019_05_59_16.png'height = '100' width = '100'/></a>]]>
    </line>
    <line>
      <![CDATA[<a href='C:\Users\Proctur Admin\git\ExamdeskAuto\Automation\null\blank_04-09-2019_05_59_17.png'><img src='C:\Users\Proctur Admin\git\ExamdeskAuto\Automation\null\blank_04-09-2019_05_59_17.png'height = '100' width = '100'/></a>]]>
    </line>
  </reporter-output>
  <suite started-at="2019-09-04T12:29:10Z" name="Default suite" finished-at="2019-09-04T12:29:31Z" duration-ms="21120">
    <groups>
    </groups>
    <test started-at="2019-09-04T12:29:10Z" name="Default test" finished-at="2019-09-04T12:29:31Z" duration-ms="21120">
      <class name="Selenium_with_maven.Automation.pageObject.StudentStat">
        <test-method is-config="true" signature="beforeSuite()[pri:0, instance:Selenium_with_maven.Automation.pageObject.StudentStat@384ad17b]" started-at="2019-09-04T12:29:09Z" name="beforeSuite" finished-at="2019-09-04T12:29:10Z" duration-ms="190" status="PASS">
          <reporter-output>
          </reporter-output>
        </test-method> <!-- beforeSuite -->
        <test-method is-config="true" signature="beforeTest()[pri:0, instance:Selenium_with_maven.Automation.pageObject.StudentStat@384ad17b]" started-at="2019-09-04T12:29:10Z" name="beforeTest" finished-at="2019-09-04T12:29:15Z" duration-ms="5151" status="PASS">
          <reporter-output>
          </reporter-output>
        </test-method> <!-- beforeTest -->
        <test-method is-config="true" signature="beforeClass()[pri:0, instance:Selenium_with_maven.Automation.pageObject.StudentStat@384ad17b]" started-at="2019-09-04T12:29:15Z" name="beforeClass" finished-at="2019-09-04T12:29:15Z" duration-ms="3" status="PASS">
          <reporter-output>
          </reporter-output>
        </test-method> <!-- beforeClass -->
        <test-method is-config="true" signature="beforeMethod(java.lang.reflect.Method)[pri:0, instance:Selenium_with_maven.Automation.pageObject.StudentStat@384ad17b]" started-at="2019-09-04T12:29:15Z" name="beforeMethod" finished-at="2019-09-04T12:29:15Z" duration-ms="11" status="PASS">
          <params>
            <param index="0">
              <value>
                <![CDATA[public void Selenium_with_maven.Automation.pageObject.StudentStat.testDashboard() throws java.lang.InterruptedException]]>
              </value>
            </param>
          </params>
          <reporter-output>
          </reporter-output>
        </test-method> <!-- beforeMethod -->
        <test-method signature="testDashboard()[pri:0, instance:Selenium_with_maven.Automation.pageObject.StudentStat@384ad17b]" started-at="2019-09-04T12:29:15Z" name="testDashboard" description="check login and Student stat" finished-at="2019-09-04T12:29:31Z" duration-ms="15825" status="PASS">
          <reporter-output>
            <line>
              <![CDATA[<a href='C:\Users\Proctur Admin\git\ExamdeskAuto\Automation\null\blank_04-09-2019_05_59_16.png'><img src='C:\Users\Proctur Admin\git\ExamdeskAuto\Automation\null\blank_04-09-2019_05_59_16.png'height = '100' width = '100'/></a>]]>
            </line>
            <line>
              <![CDATA[<a href='C:\Users\Proctur Admin\git\ExamdeskAuto\Automation\null\blank_04-09-2019_05_59_17.png'><img src='C:\Users\Proctur Admin\git\ExamdeskAuto\Automation\null\blank_04-09-2019_05_59_17.png'height = '100' width = '100'/></a>]]>
            </line>
          </reporter-output>
        </test-method> <!-- testDashboard -->
        <test-method is-config="true" signature="afterMethod(org.testng.ITestResult)[pri:0, instance:Selenium_with_maven.Automation.pageObject.StudentStat@384ad17b]" started-at="2019-09-04T12:29:31Z" name="afterMethod" finished-at="2019-09-04T12:29:31Z" duration-ms="91" status="FAIL">
          <params>
            <param index="0">
              <value>
                <![CDATA[[TestResult name=testDashboard status=SUCCESS method=StudentStat.testDashboard()[pri:0, instance:Selenium_with_maven.Automation.pageObject.StudentStat@384ad17b] output=<a href='C:\Users\Proctur Admin\git\ExamdeskAuto\Automation\null\blank_04-09-2019_05_59_16.png'><img src='C:\Users\Proctur Admin\git\ExamdeskAuto\Automation\null\blank_04-09-2019_05_59_16.png'height = '100' width = '100'/></a>]]]>
              </value>
            </param>
          </params>
          <exception class="org.openqa.selenium.NoSuchSessionException">
            <message>
              <![CDATA[invalid session id
Build info: version: '3.141.59', revision: 'e82be7d358', time: '2018-11-14T08:17:03'
System info: host: 'PROCTUR', ip: '192.168.56.1', os.name: 'Windows 8.1', os.arch: 'amd64', os.version: '6.3', java.version: '12.0.1'
Driver info: org.openqa.selenium.chrome.ChromeDriver
Capabilities {acceptInsecureCerts: false, browserName: chrome, browserVersion: 76.0.3809.132, chrome: {chromedriverVersion: 76.0.3809.68 (420c9498db8ce..., userDataDir: C:\Users\PROCTU~1\AppData\L...}, goog:chromeOptions: {debuggerAddress: localhost:49581}, javascriptEnabled: true, networkConnectionEnabled: false, pageLoadStrategy: normal, platform: XP, platformName: XP, proxy: Proxy(), setWindowRect: true, strictFileInteractability: false, timeouts: {implicit: 0, pageLoad: 300000, script: 30000}, unhandledPromptBehavior: dismiss and notify}
Session ID: 76a75ddcdd04b86936bcf9c0e0375f60]]>
            </message>
            <full-stacktrace>
              <![CDATA[org.openqa.selenium.NoSuchSessionException: invalid session id
Build info: version: '3.141.59', revision: 'e82be7d358', time: '2018-11-14T08:17:03'
System info: host: 'PROCTUR', ip: '192.168.56.1', os.name: 'Windows 8.1', os.arch: 'amd64', os.version: '6.3', java.version: '12.0.1'
Driver info: org.openqa.selenium.chrome.ChromeDriver
Capabilities {acceptInsecureCerts: false, browserName: chrome, browserVersion: 76.0.3809.132, chrome: {chromedriverVersion: 76.0.3809.68 (420c9498db8ce..., userDataDir: C:\Users\PROCTU~1\AppData\L...}, goog:chromeOptions: {debuggerAddress: localhost:49581}, javascriptEnabled: true, networkConnectionEnabled: false, pageLoadStrategy: normal, platform: XP, platformName: XP, proxy: Proxy(), setWindowRect: true, strictFileInteractability: false, timeouts: {implicit: 0, pageLoad: 300000, script: 30000}, unhandledPromptBehavior: dismiss and notify}
Session ID: 76a75ddcdd04b86936bcf9c0e0375f60
at java.base/jdk.internal.reflect.NativeConstructorAccessorImpl.newInstance0(Native Method)
at java.base/jdk.internal.reflect.NativeConstructorAccessorImpl.newInstance(NativeConstructorAccessorImpl.java:62)
at java.base/jdk.internal.reflect.DelegatingConstructorAccessorImpl.newInstance(DelegatingConstructorAccessorImpl.java:45)
at java.base/java.lang.reflect.Constructor.newInstanceWithCaller(Constructor.java:500)
at java.base/java.lang.reflect.Constructor.newInstance(Constructor.java:481)
at org.openqa.selenium.remote.http.W3CHttpResponseCodec.createException(W3CHttpResponseCodec.java:187)
at org.openqa.selenium.remote.http.W3CHttpResponseCodec.decode(W3CHttpResponseCodec.java:122)
at org.openqa.selenium.remote.http.W3CHttpResponseCodec.decode(W3CHttpResponseCodec.java:49)
at org.openqa.selenium.remote.HttpCommandExecutor.execute(HttpCommandExecutor.java:158)
at org.openqa.selenium.remote.service.DriverCommandExecutor.execute(DriverCommandExecutor.java:83)
at org.openqa.selenium.remote.RemoteWebDriver.execute(RemoteWebDriver.java:552)
at org.openqa.selenium.remote.RemoteWebDriver.execute(RemoteWebDriver.java:609)
at org.openqa.selenium.remote.RemoteWebDriver.getScreenshotAs(RemoteWebDriver.java:295)
at Selenium_with_maven.Automation.testbase.TestBase.captureScreen(TestBase.java:147)
at Selenium_with_maven.Automation.testbase.TestBase.afterMethod(TestBase.java:89)
at java.base/jdk.internal.reflect.NativeMethodAccessorImpl.invoke0(Native Method)
at java.base/jdk.internal.reflect.NativeMethodAccessorImpl.invoke(NativeMethodAccessorImpl.java:62)
at java.base/jdk.internal.reflect.DelegatingMethodAccessorImpl.invoke(DelegatingMethodAccessorImpl.java:43)
at java.base/java.lang.reflect.Method.invoke(Method.java:567)
at org.testng.internal.MethodInvocationHelper.invokeMethod(MethodInvocationHelper.java:124)
at org.testng.internal.MethodInvocationHelper.invokeMethodConsideringTimeout(MethodInvocationHelper.java:59)
at org.testng.internal.Invoker.invokeConfigurationMethod(Invoker.java:458)
at org.testng.internal.Invoker.invokeConfigurations(Invoker.java:222)
at org.testng.internal.Invoker.invokeMethod(Invoker.java:646)
at org.testng.internal.Invoker.invokeTestMethod(Invoker.java:719)
at org.testng.internal.Invoker.invokeTestMethods(Invoker.java:989)
at org.testng.internal.TestMethodWorker.invokeTestMethods(TestMethodWorker.java:125)
at org.testng.internal.TestMethodWorker.run(TestMethodWorker.java:109)
at org.testng.TestRunner.privateRun(TestRunner.java:648)
at org.testng.TestRunner.run(TestRunner.java:505)
at org.testng.SuiteRunner.runTest(SuiteRunner.java:455)
at org.testng.SuiteRunner.runSequentially(SuiteRunner.java:450)
at org.testng.SuiteRunner.privateRun(SuiteRunner.java:415)
at org.testng.SuiteRunner.run(SuiteRunner.java:364)
at org.testng.SuiteRunnerWorker.runSuite(SuiteRunnerWorker.java:52)
at org.testng.SuiteRunnerWorker.run(SuiteRunnerWorker.java:84)
at org.testng.TestNG.runSuitesSequentially(TestNG.java:1208)
at org.testng.TestNG.runSuitesLocally(TestNG.java:1137)
at org.testng.TestNG.runSuites(TestNG.java:1049)
at org.testng.TestNG.run(TestNG.java:1017)
at org.testng.remote.AbstractRemoteTestNG.run(AbstractRemoteTestNG.java:115)
at org.testng.remote.RemoteTestNG.initAndRun(RemoteTestNG.java:251)
at org.testng.remote.RemoteTestNG.main(RemoteTestNG.java:77)
]]>
            </full-stacktrace>
          </exception> <!-- org.openqa.selenium.NoSuchSessionException -->
          <reporter-output>
          </reporter-output>
        </test-method> <!-- afterMethod -->
      </class> <!-- Selenium_with_maven.Automation.pageObject.StudentStat -->
    </test> <!-- Default test -->
  </suite> <!-- Default suite -->
</testng-results>
